<?xml version="1.0" encoding="UTF-8"?>
<testsuite name="NIOFileAPITest" tests="1" skipped="0" failures="0" errors="0" timestamp="2021-08-12T19:09:13" hostname="KAVIYA-LAPTOP" time="0.049">
  <properties/>
  <testcase name="givenPathWhenCheckedThenConfirm()" classname="NIOFileAPITest" time="0.049"/>
  <system-out><![CDATA[]]></system-out>
  <system-err><![CDATA[]]></system-err>
</testsuite>
